0 info it worked if it ends with ok
1 verbose cli [ '/Users/z/.nvm/versions/node/v5.2.0/bin/node',
1 verbose cli   '/Users/z/.nvm/versions/node/v5.2.0/bin/npm',
1 verbose cli   'start' ]
2 info using npm@3.3.12
3 info using node@v5.2.0
4 verbose run-script [ 'prestart', 'start', 'poststart' ]
5 info lifecycle ibm-iot-quickstart@0.0.1~prestart: ibm-iot-quickstart@0.0.1
6 silly lifecycle ibm-iot-quickstart@0.0.1~prestart: no script for prestart, continuing
7 info lifecycle ibm-iot-quickstart@0.0.1~start: ibm-iot-quickstart@0.0.1
8 verbose lifecycle ibm-iot-quickstart@0.0.1~start: unsafe-perm in lifecycle true
9 verbose lifecycle ibm-iot-quickstart@0.0.1~start: PATH: /Users/z/.nvm/versions/node/v5.2.0/lib/node_modules/npm/bin/node-gyp-bin:/Users/z/work/iot/board01/quickstart/node_modules/.bin:/Users/z/.nvm/versions/node/v5.2.0/bin:/Users/z/.gvm/bin:/Users/z/.rvm/bin:/Users/z/.gvm/bin:/Users/z/.gvm/bin:/Users/z/.pyenv/shims:/Users/z/bin:/Users/z/.pyenv/bin:/Users/z/.gvm/bin:/Users/z/.rvm/gems/ruby-2.2.3/bin:/Users/z/.rvm/gems/ruby-2.2.3@global/bin:/Users/z/.rvm/rubies/ruby-2.2.3/bin:/usr/local/bin:/usr/bin:/bin:/usr/sbin:/sbin:/opt/X11/bin:/Users/z/.rvm/bin:/Users/z/.rvm/bin:/Users/z/.gvm/bin:/Users/z/.gvm/bin:/Users/z/.rvm/gems/ruby-2.2.3/bin:/Users/z/.rvm/gems/ruby-2.2.3@global/bin:/Users/z/.rvm/rubies/ruby-2.2.3/bin:/usr/local/bin:/usr/bin:/bin:/usr/sbin:/sbin:/opt/X11/bin:/Users/z/.rvm/bin
10 verbose lifecycle ibm-iot-quickstart@0.0.1~start: CWD: /Users/z/work/iot/board01/quickstart
11 silly lifecycle ibm-iot-quickstart@0.0.1~start: Args: [ '-c', 'node app.js' ]
12 silly lifecycle ibm-iot-quickstart@0.0.1~start: Returned: code: 1  signal: null
13 info lifecycle ibm-iot-quickstart@0.0.1~start: Failed to exec start script
14 verbose stack Error: ibm-iot-quickstart@0.0.1 start: `node app.js`
14 verbose stack Exit status 1
14 verbose stack     at EventEmitter.<anonymous> (/Users/z/.nvm/versions/node/v5.2.0/lib/node_modules/npm/lib/utils/lifecycle.js:232:16)
14 verbose stack     at emitTwo (events.js:88:13)
14 verbose stack     at EventEmitter.emit (events.js:173:7)
14 verbose stack     at ChildProcess.<anonymous> (/Users/z/.nvm/versions/node/v5.2.0/lib/node_modules/npm/lib/utils/spawn.js:24:14)
14 verbose stack     at emitTwo (events.js:88:13)
14 verbose stack     at ChildProcess.emit (events.js:173:7)
14 verbose stack     at maybeClose (internal/child_process.js:819:16)
14 verbose stack     at Process.ChildProcess._handle.onexit (internal/child_process.js:212:5)
15 verbose pkgid ibm-iot-quickstart@0.0.1
16 verbose cwd /Users/z/work/iot/board01/quickstart
17 error Darwin 14.5.0
18 error argv "/Users/z/.nvm/versions/node/v5.2.0/bin/node" "/Users/z/.nvm/versions/node/v5.2.0/bin/npm" "start"
19 error node v5.2.0
20 error npm  v3.3.12
21 error code ELIFECYCLE
22 error ibm-iot-quickstart@0.0.1 start: `node app.js`
22 error Exit status 1
23 error Failed at the ibm-iot-quickstart@0.0.1 start script 'node app.js'.
23 error Make sure you have the latest version of node.js and npm installed.
23 error If you do, this is most likely a problem with the ibm-iot-quickstart package,
23 error not with npm itself.
23 error Tell the author that this fails on your system:
23 error     node app.js
23 error You can get their info via:
23 error     npm owner ls ibm-iot-quickstart
23 error There is likely additional logging output above.
24 verbose exit [ 1, true ]
